# JRE version: OpenJDK Runtime Environment Temurin-21.0.6+7 (21.0.6+7) (build 21.0.6+7-LTS)
# Java VM: OpenJDK 64-Bit Server VM Temurin-21.0.6+7 (21.0.6+7-LTS, mixed mode, sharing, tiered, compressed oops, compressed class ptrs, parallel gc, windows-amd64)
GC Precious Log:
 CardTable entry size: 512
 CPUs: 12 total, 12 available
 Memory: 16091M
 Large Page Support: Disabled
 NUMA Support: Disabled
 Compressed Oops: Enabled (32-bit)
 Alignments: Space 512K, Generation 512K, Heap 2M
 Heap Min Capacity: 100M
 Heap Initial Capacity: 100M
 Heap Max Capacity: 1G
 Pre-touch: Disabled
 Parallel Workers: 10
Heap:
 PSYoungGen      total 24064K, used 2090K [0x00000000eab00000, 0x00000000ec500000, 0x0000000100000000)
  eden space 22016K, 2% used [0x00000000eab00000,0x00000000eab706f8,0x00000000ec080000)
  from space 2048K, 80% used [0x00000000ec200000,0x00000000ec39a460,0x00000000ec400000)
  to   space 1024K, 0% used [0x00000000ec400000,0x00000000ec400000,0x00000000ec500000)
 ParOldGen       total 68608K, used 22074K [0x00000000c0000000, 0x00000000c4300000, 0x00000000eab00000)
  object space 68608K, 32% used [0x00000000c0000000,0x00000000c158ea08,0x00000000c4300000)
 Metaspace       used 46298K, committed 47424K, reserved 1114112K
  class space    used 4944K, committed 5440K, reserved 1048576K
GC Heap History (20 events):
Event: 27.535 GC heap before
{Heap before GC invocations=9 (full 1):
 PSYoungGen      total 29696K, used 24576K [0x00000000eab00000, 0x00000000ece00000, 0x0000000100000000)
  eden space 24576K, 100% used [0x00000000eab00000,0x00000000ec300000,0x00000000ec300000)
  from space 5120K, 0% used [0x00000000ec380000,0x00000000ec380000,0x00000000ec880000)
  to   space 5632K, 0% used [0x00000000ec880000,0x00000000ec880000,0x00000000ece00000)
 ParOldGen       total 68608K, used 13238K [0x00000000c0000000, 0x00000000c4300000, 0x00000000eab00000)
  object space 68608K, 19% used [0x00000000c0000000,0x00000000c0ced898,0x00000000c4300000)
 Metaspace       used 24645K, committed 25472K, reserved 1114112K
  class space    used 2388K, committed 2752K, reserved 1048576K
}
Event: 27.537 GC heap after
{Heap after GC invocations=9 (full 1):
 PSYoungGen      total 25088K, used 662K [0x00000000eab00000, 0x00000000ec980000, 0x0000000100000000)
  eden space 24064K, 0% used [0x00000000eab00000,0x00000000eab00000,0x00000000ec280000)
  from space 1024K, 64% used [0x00000000ec880000,0x00000000ec9258b8,0x00000000ec980000)
  to   space 2560K, 0% used [0x00000000ec480000,0x00000000ec480000,0x00000000ec700000)
 ParOldGen       total 68608K, used 13246K [0x00000000c0000000, 0x00000000c4300000, 0x00000000eab00000)
  object space 68608K, 19% used [0x00000000c0000000,0x00000000c0cef898,0x00000000c4300000)
 Metaspace       used 24645K, committed 25472K, reserved 1114112K
  class space    used 2388K, committed 2752K, reserved 1048576K
}
Event: 28.021 GC heap before
{Heap before GC invocations=10 (full 1):
 PSYoungGen      total 25088K, used 24726K [0x00000000eab00000, 0x00000000ec980000, 0x0000000100000000)
  eden space 24064K, 100% used [0x00000000eab00000,0x00000000ec280000,0x00000000ec280000)
  from space 1024K, 64% used [0x00000000ec880000,0x00000000ec9258b8,0x00000000ec980000)
  to   space 2560K, 0% used [0x00000000ec480000,0x00000000ec480000,0x00000000ec700000)
 ParOldGen       total 68608K, used 13246K [0x00000000c0000000, 0x00000000c4300000, 0x00000000eab00000)
  object space 68608K, 19% used [0x00000000c0000000,0x00000000c0cef898,0x00000000c4300000)
 Metaspace       used 26826K, committed 27648K, reserved 1114112K
  class space    used 2587K, committed 2944K, reserved 1048576K
}
Event: 28.023 GC heap after
{Heap after GC invocations=10 (full 1):
 PSYoungGen      total 26112K, used 2494K [0x00000000eab00000, 0x00000000ec900000, 0x0000000100000000)
  eden space 23552K, 0% used [0x00000000eab00000,0x00000000eab00000,0x00000000ec200000)
  from space 2560K, 97% used [0x00000000ec480000,0x00000000ec6efb68,0x00000000ec700000)
  to   space 2048K, 0% used [0x00000000ec700000,0x00000000ec700000,0x00000000ec900000)
 ParOldGen       total 68608K, used 13246K [0x00000000c0000000, 0x00000000c4300000, 0x00000000eab00000)
  object space 68608K, 19% used [0x00000000c0000000,0x00000000c0cef898,0x00000000c4300000)
 Metaspace       used 26826K, committed 27648K, reserved 1114112K
  class space    used 2587K, committed 2944K, reserved 1048576K
}
Event: 44.201 GC heap before
{Heap before GC invocations=11 (full 1):
 PSYoungGen      total 26112K, used 26046K [0x00000000eab00000, 0x00000000ec900000, 0x0000000100000000)
  eden space 23552K, 99% used [0x00000000eab00000,0x00000000ec1ffff8,0x00000000ec200000)
  from space 2560K, 97% used [0x00000000ec480000,0x00000000ec6efb68,0x00000000ec700000)
  to   space 2048K, 0% used [0x00000000ec700000,0x00000000ec700000,0x00000000ec900000)
 ParOldGen       total 68608K, used 13246K [0x00000000c0000000, 0x00000000c4300000, 0x00000000eab00000)
  object space 68608K, 19% used [0x00000000c0000000,0x00000000c0cef898,0x00000000c4300000)
 Metaspace       used 28302K, committed 29184K, reserved 1114112K
  class space    used 2789K, committed 3200K, reserved 1048576K
}
Event: 44.204 GC heap after
{Heap after GC invocations=11 (full 1):
 PSYoungGen      total 24576K, used 1401K [0x00000000eab00000, 0x00000000ec880000, 0x0000000100000000)
  eden space 23040K, 0% used [0x00000000eab00000,0x00000000eab00000,0x00000000ec180000)
  from space 1536K, 91% used [0x00000000ec700000,0x00000000ec85e740,0x00000000ec880000)
  to   space 2048K, 0% used [0x00000000ec480000,0x00000000ec480000,0x00000000ec680000)
 ParOldGen       total 68608K, used 15211K [0x00000000c0000000, 0x00000000c4300000, 0x00000000eab00000)
  object space 68608K, 22% used [0x00000000c0000000,0x00000000c0edac28,0x00000000c4300000)
 Metaspace       used 28302K, committed 29184K, reserved 1114112K
  class space    used 2789K, committed 3200K, reserved 1048576K
}
Event: 44.911 GC heap before
{Heap before GC invocations=12 (full 1):
 PSYoungGen      total 24576K, used 24441K [0x00000000eab00000, 0x00000000ec880000, 0x0000000100000000)
  eden space 23040K, 100% used [0x00000000eab00000,0x00000000ec180000,0x00000000ec180000)
  from space 1536K, 91% used [0x00000000ec700000,0x00000000ec85e740,0x00000000ec880000)
  to   space 2048K, 0% used [0x00000000ec480000,0x00000000ec480000,0x00000000ec680000)
 ParOldGen       total 68608K, used 15211K [0x00000000c0000000, 0x00000000c4300000, 0x00000000eab00000)
  object space 68608K, 22% used [0x00000000c0000000,0x00000000c0edac28,0x00000000c4300000)
 Metaspace       used 30652K, committed 31552K, reserved 1114112K
  class space    used 3020K, committed 3392K, reserved 1048576K
}
Event: 44.914 GC heap after
{Heap after GC invocations=12 (full 1):
 PSYoungGen      total 24064K, used 1322K [0x00000000eab00000, 0x00000000ec780000, 0x0000000100000000)
  eden space 22528K, 0% used [0x00000000eab00000,0x00000000eab00000,0x00000000ec100000)
  from space 1536K, 86% used [0x00000000ec480000,0x00000000ec5ca8e0,0x00000000ec600000)
  to   space 1536K, 0% used [0x00000000ec600000,0x00000000ec600000,0x00000000ec780000)
 ParOldGen       total 68608K, used 16330K [0x00000000c0000000, 0x00000000c4300000, 0x00000000eab00000)
  object space 68608K, 23% used [0x00000000c0000000,0x00000000c0ff2ab8,0x00000000c4300000)
 Metaspace       used 30652K, committed 31552K, reserved 1114112K
  class space    used 3020K, committed 3392K, reserved 1048576K
}
Event: 45.701 GC heap before
{Heap before GC invocations=13 (full 1):
 PSYoungGen      total 24064K, used 23850K [0x00000000eab00000, 0x00000000ec780000, 0x0000000100000000)
  eden space 22528K, 100% used [0x00000000eab00000,0x00000000ec100000,0x00000000ec100000)
  from space 1536K, 86% used [0x00000000ec480000,0x00000000ec5ca8e0,0x00000000ec600000)
  to   space 1536K, 0% used [0x00000000ec600000,0x00000000ec600000,0x00000000ec780000)
 ParOldGen       total 68608K, used 16330K [0x00000000c0000000, 0x00000000c4300000, 0x00000000eab00000)
  object space 68608K, 23% used [0x00000000c0000000,0x00000000c0ff2ab8,0x00000000c4300000)
 Metaspace       used 33687K, committed 34624K, reserved 1114112K
  class space    used 3392K, committed 3776K, reserved 1048576K
}
Event: 45.704 GC heap after
{Heap after GC invocations=13 (full 1):
 PSYoungGen      total 23040K, used 960K [0x00000000eab00000, 0x00000000ec700000, 0x0000000100000000)
  eden space 22016K, 0% used [0x00000000eab00000,0x00000000eab00000,0x00000000ec080000)
  from space 1024K, 93% used [0x00000000ec600000,0x00000000ec6f0000,0x00000000ec700000)
  to   space 1536K, 0% used [0x00000000ec400000,0x00000000ec400000,0x00000000ec580000)
 ParOldGen       total 68608K, used 17447K [0x00000000c0000000, 0x00000000c4300000, 0x00000000eab00000)
  object space 68608K, 25% used [0x00000000c0000000,0x00000000c1109d88,0x00000000c4300000)
 Metaspace       used 33687K, committed 34624K, reserved 1114112K
  class space    used 3392K, committed 3776K, reserved 1048576K
}
Event: 45.913 GC heap before
{Heap before GC invocations=14 (full 1):
 PSYoungGen      total 23040K, used 10297K [0x00000000eab00000, 0x00000000ec700000, 0x0000000100000000)
  eden space 22016K, 42% used [0x00000000eab00000,0x00000000eb41e538,0x00000000ec080000)
  from space 1024K, 93% used [0x00000000ec600000,0x00000000ec6f0000,0x00000000ec700000)
  to   space 1536K, 0% used [0x00000000ec400000,0x00000000ec400000,0x00000000ec580000)
 ParOldGen       total 68608K, used 17447K [0x00000000c0000000, 0x00000000c4300000, 0x00000000eab00000)
  object space 68608K, 25% used [0x00000000c0000000,0x00000000c1109d88,0x00000000c4300000)
 Metaspace       used 34877K, committed 35840K, reserved 1114112K
  class space    used 3530K, committed 3904K, reserved 1048576K
}
Event: 45.914 GC heap after
{Heap after GC invocations=14 (full 1):
 PSYoungGen      total 23552K, used 643K [0x00000000eab00000, 0x00000000ec680000, 0x0000000100000000)
  eden space 22016K, 0% used [0x00000000eab00000,0x00000000eab00000,0x00000000ec080000)
  from space 1536K, 41% used [0x00000000ec400000,0x00000000ec4a0ec8,0x00000000ec580000)
  to   space 1024K, 0% used [0x00000000ec580000,0x00000000ec580000,0x00000000ec680000)
 ParOldGen       total 68608K, used 18232K [0x00000000c0000000, 0x00000000c4300000, 0x00000000eab00000)
  object space 68608K, 26% used [0x00000000c0000000,0x00000000c11ce130,0x00000000c4300000)
 Metaspace       used 34877K, committed 35840K, reserved 1114112K
  class space    used 3530K, committed 3904K, reserved 1048576K
}
Event: 45.914 GC heap before
{Heap before GC invocations=15 (full 2):
 PSYoungGen      total 23552K, used 643K [0x00000000eab00000, 0x00000000ec680000, 0x0000000100000000)
  eden space 22016K, 0% used [0x00000000eab00000,0x00000000eab00000,0x00000000ec080000)
  from space 1536K, 41% used [0x00000000ec400000,0x00000000ec4a0ec8,0x00000000ec580000)
  to   space 1024K, 0% used [0x00000000ec580000,0x00000000ec580000,0x00000000ec680000)
 ParOldGen       total 68608K, used 18232K [0x00000000c0000000, 0x00000000c4300000, 0x00000000eab00000)
  object space 68608K, 26% used [0x00000000c0000000,0x00000000c11ce130,0x00000000c4300000)
 Metaspace       used 34877K, committed 35840K, reserved 1114112K
  class space    used 3530K, committed 3904K, reserved 1048576K
}
Event: 45.954 GC heap after
{Heap after GC invocations=15 (full 2):
 PSYoungGen      total 23552K, used 0K [0x00000000eab00000, 0x00000000ec680000, 0x0000000100000000)
  eden space 22016K, 0% used [0x00000000eab00000,0x00000000eab00000,0x00000000ec080000)
  from space 1536K, 0% used [0x00000000ec400000,0x00000000ec400000,0x00000000ec580000)
  to   space 1024K, 0% used [0x00000000ec580000,0x00000000ec580000,0x00000000ec680000)
 ParOldGen       total 68608K, used 17594K [0x00000000c0000000, 0x00000000c4300000, 0x00000000eab00000)
  object space 68608K, 25% used [0x00000000c0000000,0x00000000c112e928,0x00000000c4300000)
 Metaspace       used 34870K, committed 35840K, reserved 1114112K
  class space    used 3528K, committed 3904K, reserved 1048576K
}
Event: 47.760 GC heap before
{Heap before GC invocations=16 (full 2):
 PSYoungGen      total 23552K, used 22016K [0x00000000eab00000, 0x00000000ec680000, 0x0000000100000000)
  eden space 22016K, 100% used [0x00000000eab00000,0x00000000ec080000,0x00000000ec080000)
  from space 1536K, 0% used [0x00000000ec400000,0x00000000ec400000,0x00000000ec580000)
  to   space 1024K, 0% used [0x00000000ec580000,0x00000000ec580000,0x00000000ec680000)
 ParOldGen       total 68608K, used 17594K [0x00000000c0000000, 0x00000000c4300000, 0x00000000eab00000)
  object space 68608K, 25% used [0x00000000c0000000,0x00000000c112e928,0x00000000c4300000)
 Metaspace       used 37811K, committed 38784K, reserved 1114112K
  class space    used 3875K, committed 4288K, reserved 1048576K
}
Event: 47.763 GC heap after
{Heap after GC invocations=16 (full 2):
 PSYoungGen      total 23040K, used 1009K [0x00000000eab00000, 0x00000000ec680000, 0x0000000100000000)
  eden space 22016K, 0% used [0x00000000eab00000,0x00000000eab00000,0x00000000ec080000)
  from space 1024K, 98% used [0x00000000ec580000,0x00000000ec67c618,0x00000000ec680000)
  to   space 2048K, 0% used [0x00000000ec280000,0x00000000ec280000,0x00000000ec480000)
 ParOldGen       total 68608K, used 18266K [0x00000000c0000000, 0x00000000c4300000, 0x00000000eab00000)
  object space 68608K, 26% used [0x00000000c0000000,0x00000000c11d6958,0x00000000c4300000)
 Metaspace       used 37811K, committed 38784K, reserved 1114112K
  class space    used 3875K, committed 4288K, reserved 1048576K
}
Event: 48.446 GC heap before
{Heap before GC invocations=17 (full 2):
 PSYoungGen      total 23040K, used 23025K [0x00000000eab00000, 0x00000000ec680000, 0x0000000100000000)
  eden space 22016K, 100% used [0x00000000eab00000,0x00000000ec080000,0x00000000ec080000)
  from space 1024K, 98% used [0x00000000ec580000,0x00000000ec67c618,0x00000000ec680000)
  to   space 2048K, 0% used [0x00000000ec280000,0x00000000ec280000,0x00000000ec480000)
 ParOldGen       total 68608K, used 18266K [0x00000000c0000000, 0x00000000c4300000, 0x00000000eab00000)
  object space 68608K, 26% used [0x00000000c0000000,0x00000000c11d6958,0x00000000c4300000)
 Metaspace       used 40328K, committed 41408K, reserved 1114112K
  class space    used 4165K, committed 4608K, reserved 1048576K
}
Event: 48.466 GC heap after
{Heap after GC invocations=17 (full 2):
 PSYoungGen      total 24064K, used 1840K [0x00000000eab00000, 0x00000000ec600000, 0x0000000100000000)
  eden space 22016K, 0% used [0x00000000eab00000,0x00000000eab00000,0x00000000ec080000)
  from space 2048K, 89% used [0x00000000ec280000,0x00000000ec44c010,0x00000000ec480000)
  to   space 1536K, 0% used [0x00000000ec480000,0x00000000ec480000,0x00000000ec600000)
 ParOldGen       total 68608K, used 19290K [0x00000000c0000000, 0x00000000c4300000, 0x00000000eab00000)
  object space 68608K, 28% used [0x00000000c0000000,0x00000000c12d69c8,0x00000000c4300000)
 Metaspace       used 40328K, committed 41408K, reserved 1114112K
  class space    used 4165K, committed 4608K, reserved 1048576K
}
Event: 49.417 GC heap before
{Heap before GC invocations=18 (full 2):
 PSYoungGen      total 24064K, used 23856K [0x00000000eab00000, 0x00000000ec600000, 0x0000000100000000)
  eden space 22016K, 100% used [0x00000000eab00000,0x00000000ec080000,0x00000000ec080000)
  from space 2048K, 89% used [0x00000000ec280000,0x00000000ec44c010,0x00000000ec480000)
  to   space 1536K, 0% used [0x00000000ec480000,0x00000000ec480000,0x00000000ec600000)
 ParOldGen       total 68608K, used 19290K [0x00000000c0000000, 0x00000000c4300000, 0x00000000eab00000)
  object space 68608K, 28% used [0x00000000c0000000,0x00000000c12d69c8,0x00000000c4300000)
 Metaspace       used 43305K, committed 44416K, reserved 1114112K
  class space    used 4557K, committed 4992K, reserved 1048576K
}
Event: 49.420 GC heap after
{Heap after GC invocations=18 (full 2):
 PSYoungGen      total 23552K, used 1440K [0x00000000eab00000, 0x00000000ec600000, 0x0000000100000000)
  eden space 22016K, 0% used [0x00000000eab00000,0x00000000eab00000,0x00000000ec080000)
  from space 1536K, 93% used [0x00000000ec480000,0x00000000ec5e8000,0x00000000ec600000)
  to   space 2048K, 0% used [0x00000000ec200000,0x00000000ec200000,0x00000000ec400000)
 ParOldGen       total 68608K, used 20910K [0x00000000c0000000, 0x00000000c4300000, 0x00000000eab00000)
  object space 68608K, 30% used [0x00000000c0000000,0x00000000c146b9e8,0x00000000c4300000)
 Metaspace       used 43305K, committed 44416K, reserved 1114112K
  class space    used 4557K, committed 4992K, reserved 1048576K
}

